SF:lib\api\recipe_api.dart
DA:4,0
DA:7,0
DA:9,0
DA:12,0
DA:13,0
DA:24,0
DA:26,0
DA:27,0
DA:35,0
DA:36,0
DA:38,0
DA:39,0
DA:40,0
DA:41,0
DA:46,0
DA:53,0
DA:55,0
DA:56,0
DA:64,0
DA:66,0
DA:67,0
LF:21
LH:0
end_of_record
SF:lib\models\category_enum.dart
DA:20,2
DA:21,8
LF:2
LH:2
end_of_record
SF:lib\views\app\pages\controllers\generator_controller.dart
DA:9,1
DA:17,0
DA:18,0
DA:19,0
DA:20,0
DA:21,0
DA:24,1
DA:25,2
DA:26,1
DA:29,1
DA:30,2
DA:31,1
DA:34,0
DA:35,0
DA:36,0
LF:15
LH:7
end_of_record
SF:lib\helpers\logger_helper.dart
DA:3,1
DA:5,2
DA:9,2
LF:3
LH:3
end_of_record
SF:lib\models\ingredient.dart
DA:8,1
DA:14,1
DA:15,1
DA:16,1
DA:17,1
DA:18,2
DA:22,1
DA:23,1
DA:25,2
DA:26,2
DA:27,3
LF:11
LH:11
end_of_record
