SF:lib\api\recipe_api.dart
DA:4,3
DA:7,0
DA:9,0
DA:12,0
DA:13,0
DA:24,0
DA:26,0
DA:27,0
DA:35,0
DA:36,0
DA:38,0
DA:39,0
DA:40,0
DA:41,0
DA:46,0
DA:53,0
DA:55,0
DA:56,0
DA:64,1
DA:66,2
DA:67,1
LF:21
LH:4
end_of_record
SF:lib\models\category_enum.dart
DA:20,0
DA:21,0
LF:2
LH:0
end_of_record
SF:lib\views\app\pages\controllers\generator_controller.dart
DA:9,1
DA:12,0
DA:17,1
DA:18,4
DA:19,0
DA:20,0
DA:21,0
DA:24,1
DA:25,2
DA:26,1
DA:29,1
DA:30,2
DA:31,1
DA:34,1
DA:35,1
DA:36,1
LF:16
LH:12
end_of_record
SF:lib\helpers\logger_helper.dart
DA:3,0
DA:5,0
DA:9,0
LF:3
LH:0
end_of_record
SF:lib\models\ingredient.dart
DA:8,0
DA:14,0
DA:15,0
DA:16,0
DA:17,0
DA:18,0
DA:22,0
DA:23,0
DA:25,0
DA:26,0
DA:27,0
LF:11
LH:0
end_of_record
